[20:26:01.148 Verbose] - BuildManager - C:\Users\persi\Desktop\C# homework\C--homework\09. CSharp-OOP-Unit-Testing-Exercise-Skeleton\FightingArena.Tests\WarriorTests.cs(8,17): error CS0246: The type or namespace name 'Warrior' could not be found (are you missing a using directive or an assembly reference?)
[20:26:01.148 Verbose] - BuildManager - C:\Users\persi\Desktop\C# homework\C--homework\09. CSharp-OOP-Unit-Testing-Exercise-Skeleton\FightingArena.Tests\ArenaTests.cs(10,17): error CS0246: The type or namespace name 'Warrior' could not be found (are you missing a using directive or an assembly reference?)
[20:26:01.148 Verbose] - BuildManager - C:\Users\persi\Desktop\C# homework\C--homework\09. CSharp-OOP-Unit-Testing-Exercise-Skeleton\FightingArena.Tests\ArenaTests.cs(11,17): error CS0246: The type or namespace name 'Arena' could not be found (are you missing a using directive or an assembly reference?)
[20:26:01.148 Verbose] - BuildManager - C:\Users\persi\Desktop\C# homework\C--homework\09. CSharp-OOP-Unit-Testing-Exercise-Skeleton\FightingArena.Tests\WarriorTests.cs(12,34): error CS0246: The type or namespace name 'Warrior' could not be found (are you missing a using directive or an assembly reference?)
[20:26:01.148 Verbose] - BuildManager - C:\Users\persi\Desktop\C# homework\C--homework\09. CSharp-OOP-Unit-Testing-Exercise-Skeleton\FightingArena.Tests\ArenaTests.cs(15,32): error CS0246: The type or namespace name 'Warrior' could not be found (are you missing a using directive or an assembly reference?)
[20:26:01.148 Verbose] - BuildManager - C:\Users\persi\Desktop\C# homework\C--homework\09. CSharp-OOP-Unit-Testing-Exercise-Skeleton\FightingArena.Tests\ArenaTests.cs(16,26): error CS0246: The type or namespace name 'Arena' could not be found (are you missing a using directive or an assembly reference?)
[20:26:01.148 Verbose] - BuildManager - C:\Users\persi\Desktop\C# homework\C--homework\09. CSharp-OOP-Unit-Testing-Exercise-Skeleton\FightingArena.Tests\WarriorTests.cs(21,13): error CS0246: The type or namespace name 'Warrior' could not be found (are you missing a using directive or an assembly reference?)
[20:26:01.148 Verbose] - BuildManager - C:\Users\persi\Desktop\C# homework\C--homework\09. CSharp-OOP-Unit-Testing-Exercise-Skeleton\FightingArena.Tests\WarriorTests.cs(21,35): error CS0246: The type or namespace name 'Warrior' could not be found (are you missing a using directive or an assembly reference?)
[20:26:01.148 Verbose] - BuildManager - C:\Users\persi\Desktop\C# homework\C--homework\09. CSharp-OOP-Unit-Testing-Exercise-Skeleton\FightingArena.Tests\ArenaTests.cs(23,13): error CS0246: The type or namespace name 'Arena' could not be found (are you missing a using directive or an assembly reference?)
[20:26:01.148 Verbose] - BuildManager - C:\Users\persi\Desktop\C# homework\C--homework\09. CSharp-OOP-Unit-Testing-Exercise-Skeleton\FightingArena.Tests\ArenaTests.cs(23,31): error CS0246: The type or namespace name 'Arena' could not be found (are you missing a using directive or an assembly reference?)
[20:26:01.148 Verbose] - BuildManager - C:\Users\persi\Desktop\C# homework\C--homework\09. CSharp-OOP-Unit-Testing-Exercise-Skeleton\FightingArena.Tests\ArenaTests.cs(31,13): error CS0246: The type or namespace name 'Warrior' could not be found (are you missing a using directive or an assembly reference?)
[20:26:01.148 Verbose] - BuildManager - C:\Users\persi\Desktop\C# homework\C--homework\09. CSharp-OOP-Unit-Testing-Exercise-Skeleton\FightingArena.Tests\ArenaTests.cs(31,39): error CS0246: The type or namespace name 'Warrior' could not be found (are you missing a using directive or an assembly reference?)
[20:26:01.148 Verbose] - BuildManager - C:\Users\persi\Desktop\C# homework\C--homework\09. CSharp-OOP-Unit-Testing-Exercise-Skeleton\FightingArena.Tests\ArenaTests.cs(43,25): error CS1503: Argument 1: cannot convert from 'method group' to 'bool'
[20:26:01.149 Verbose] - BuildManager - C:\Users\persi\Desktop\C# homework\C--homework\09. CSharp-OOP-Unit-Testing-Exercise-Skeleton\FightingArena.Tests\ArenaTests.cs(43,38): error CS1503: Argument 2: cannot convert from 'NUnit.Framework.Constraints.EqualConstraint' to 'string'
[20:26:01.149 Verbose] - BuildManager - C:\Users\persi\Desktop\C# homework\C--homework\09. CSharp-OOP-Unit-Testing-Exercise-Skeleton\FightingArena.Tests\ArenaTests.cs(62,13): error CS0246: The type or namespace name 'Warrior' could not be found (are you missing a using directive or an assembly reference?)
[20:26:01.149 Verbose] - BuildManager - C:\Users\persi\Desktop\C# homework\C--homework\09. CSharp-OOP-Unit-Testing-Exercise-Skeleton\FightingArena.Tests\ArenaTests.cs(62,37): error CS0246: The type or namespace name 'Warrior' could not be found (are you missing a using directive or an assembly reference?)
[20:26:01.149 Verbose] - BuildManager - C:\Users\persi\Desktop\C# homework\C--homework\09. CSharp-OOP-Unit-Testing-Exercise-Skeleton\FightingArena.Tests\WarriorTests.cs(31,35): error CS0246: The type or namespace name 'Warrior' could not be found (are you missing a using directive or an assembly reference?)
[20:26:01.149 Verbose] - BuildManager - C:\Users\persi\Desktop\C# homework\C--homework\09. CSharp-OOP-Unit-Testing-Exercise-Skeleton\FightingArena.Tests\WarriorTests.cs(37,35): error CS0246: The type or namespace name 'Warrior' could not be found (are you missing a using directive or an assembly reference?)
[20:26:01.149 Verbose] - BuildManager - C:\Users\persi\Desktop\C# homework\C--homework\09. CSharp-OOP-Unit-Testing-Exercise-Skeleton\FightingArena.Tests\WarriorTests.cs(43,35): error CS0246: The type or namespace name 'Warrior' could not be found (are you missing a using directive or an assembly reference?)
[20:26:01.149 Verbose] - BuildManager - C:\Users\persi\Desktop\C# homework\C--homework\09. CSharp-OOP-Unit-Testing-Exercise-Skeleton\FightingArena.Tests\WarriorTests.cs(49,13): error CS0246: The type or namespace name 'Warrior' could not be found (are you missing a using directive or an assembly reference?)
[20:26:01.149 Verbose] - BuildManager - C:\Users\persi\Desktop\C# homework\C--homework\09. CSharp-OOP-Unit-Testing-Exercise-Skeleton\FightingArena.Tests\WarriorTests.cs(49,35): error CS0246: The type or namespace name 'Warrior' could not be found (are you missing a using directive or an assembly reference?)
[20:26:01.149 Verbose] - BuildManager - C:\Users\persi\Desktop\C# homework\C--homework\09. CSharp-OOP-Unit-Testing-Exercise-Skeleton\FightingArena.Tests\WarriorTests.cs(58,13): error CS0246: The type or namespace name 'Warrior' could not be found (are you missing a using directive or an assembly reference?)
[20:26:01.149 Verbose] - BuildManager - C:\Users\persi\Desktop\C# homework\C--homework\09. CSharp-OOP-Unit-Testing-Exercise-Skeleton\FightingArena.Tests\WarriorTests.cs(58,35): error CS0246: The type or namespace name 'Warrior' could not be found (are you missing a using directive or an assembly reference?)
[20:26:01.149 Verbose] - BuildManager - C:\Users\persi\Desktop\C# homework\C--homework\09. CSharp-OOP-Unit-Testing-Exercise-Skeleton\FightingArena.Tests\WarriorTests.cs(66,13): error CS0246: The type or namespace name 'Warrior' could not be found (are you missing a using directive or an assembly reference?)
[20:26:01.149 Verbose] - BuildManager - C:\Users\persi\Desktop\C# homework\C--homework\09. CSharp-OOP-Unit-Testing-Exercise-Skeleton\FightingArena.Tests\WarriorTests.cs(66,33): error CS0246: The type or namespace name 'Warrior' could not be found (are you missing a using directive or an assembly reference?)
[20:26:01.149 Verbose] - BuildManager - C:\Users\persi\Desktop\C# homework\C--homework\09. CSharp-OOP-Unit-Testing-Exercise-Skeleton\FightingArena.Tests\WarriorTests.cs(67,13): error CS0246: The type or namespace name 'Warrior' could not be found (are you missing a using directive or an assembly reference?)
[20:26:01.149 Verbose] - BuildManager - C:\Users\persi\Desktop\C# homework\C--homework\09. CSharp-OOP-Unit-Testing-Exercise-Skeleton\FightingArena.Tests\WarriorTests.cs(67,36): error CS0246: The type or namespace name 'Warrior' could not be found (are you missing a using directive or an assembly reference?)
[20:26:01.149 Verbose] - BuildManager - C:\Users\persi\Desktop\C# homework\C--homework\09. CSharp-OOP-Unit-Testing-Exercise-Skeleton\FightingArena.Tests\WarriorTests.cs(75,13): error CS0246: The type or namespace name 'Warrior' could not be found (are you missing a using directive or an assembly reference?)
[20:26:01.149 Verbose] - BuildManager - C:\Users\persi\Desktop\C# homework\C--homework\09. CSharp-OOP-Unit-Testing-Exercise-Skeleton\FightingArena.Tests\WarriorTests.cs(75,33): error CS0246: The type or namespace name 'Warrior' could not be found (are you missing a using directive or an assembly reference?)
[20:26:01.149 Verbose] - BuildManager - C:\Users\persi\Desktop\C# homework\C--homework\09. CSharp-OOP-Unit-Testing-Exercise-Skeleton\FightingArena.Tests\WarriorTests.cs(83,13): error CS0246: The type or namespace name 'Warrior' could not be found (are you missing a using directive or an assembly reference?)
[20:26:01.149 Verbose] - BuildManager - C:\Users\persi\Desktop\C# homework\C--homework\09. CSharp-OOP-Unit-Testing-Exercise-Skeleton\FightingArena.Tests\WarriorTests.cs(83,33): error CS0246: The type or namespace name 'Warrior' could not be found (are you missing a using directive or an assembly reference?)
[20:26:01.149 Verbose] - BuildManager - C:\Users\persi\Desktop\C# homework\C--homework\09. CSharp-OOP-Unit-Testing-Exercise-Skeleton\FightingArena.Tests\WarriorTests.cs(91,13): error CS0246: The type or namespace name 'Warrior' could not be found (are you missing a using directive or an assembly reference?)
[20:26:01.149 Verbose] - BuildManager - C:\Users\persi\Desktop\C# homework\C--homework\09. CSharp-OOP-Unit-Testing-Exercise-Skeleton\FightingArena.Tests\WarriorTests.cs(91,33): error CS0246: The type or namespace name 'Warrior' could not be found (are you missing a using directive or an assembly reference?)
[20:26:01.155 Verbose] - BuildManager - Some of the file paths defined in the csproj under the Live Unit Testing build path are missing. Verify whether these files should be present under the Live Unit Testing build path and if necessary update the csproj definition to look these files up in a different place.
[20:26:01.156 Verbose] - BuildManager - Item _OutputPathItem 'C:\Users\persi\Desktop\C# homework\C--homework\09. CSharp-OOP-Unit-Testing-Exercise-Skeleton\.vs\UnitTesting-Skeleton\v16\lut\0\b\FightingArena.Tests\Debug\netcoreapp3.1\' evaluated via:
_OutputPathItem: '$(OutDir)' @ C:\Program Files (x86)\Microsoft Visual Studio\2019\Enterprise\MSBuild\Current\Bin\Microsoft.Common.CurrentVersion.targets:272
  OutDir: '$(OutputPath)' @ C:\Program Files (x86)\Microsoft Visual Studio\2019\Enterprise\MSBuild\Current\Bin\Microsoft.Common.CurrentVersion.targets:193
    OutputPath: '$(OutputPath)$(TargetFramework.ToLowerInvariant())\' @ C:\Program Files\dotnet\sdk\3.1.201\Sdks\Microsoft.NET.Sdk\targets\Microsoft.NET.TargetFrameworkInference.targets:186
      OutputPath: '$(BaseOutputPath)$(Configuration)\' @ C:\Program Files\dotnet\sdk\3.1.201\Sdks\Microsoft.NET.Sdk\targets\Microsoft.NET.DefaultOutputPaths.targets:33
        BaseOutputPath: 'C:\Users\persi\Desktop\C# homework\C--homework\09. CSharp-OOP-Unit-Testing-Exercise-Skeleton\.vs\UnitTesting-Skeleton\v16\lut\0\b\FightingArena.Tests\' @ C:\Users\persi\Desktop\C# homework\C--homework\09. CSharp-OOP-Unit-Testing-Exercise-Skeleton\FightingArena.Tests\FightingArena.Tests.csproj:0
        Configuration: 'Debug'
[20:26:01.157 Verbose] - BuildManager - Item AppConfigFileDestination 'C:\Users\persi\Desktop\C# homework\C--homework\09. CSharp-OOP-Unit-Testing-Exercise-Skeleton\.vs\UnitTesting-Skeleton\v16\lut\0\b\FightingArena.Tests\Debug\netcoreapp3.1\FightingArena.Tests.dll.config' evaluated via:
AppConfigFileDestination: '$(OutDir)$(TargetFileName).config' @ C:\Program Files (x86)\Microsoft Visual Studio\2019\Enterprise\MSBuild\Current\Bin\Microsoft.Common.CurrentVersion.targets:303
  OutDir: '$(OutputPath)' @ C:\Program Files (x86)\Microsoft Visual Studio\2019\Enterprise\MSBuild\Current\Bin\Microsoft.Common.CurrentVersion.targets:193
    OutputPath: '$(OutputPath)$(TargetFramework.ToLowerInvariant())\' @ C:\Program Files\dotnet\sdk\3.1.201\Sdks\Microsoft.NET.Sdk\targets\Microsoft.NET.TargetFrameworkInference.targets:186
      OutputPath: '$(BaseOutputPath)$(Configuration)\' @ C:\Program Files\dotnet\sdk\3.1.201\Sdks\Microsoft.NET.Sdk\targets\Microsoft.NET.DefaultOutputPaths.targets:33
        BaseOutputPath: 'C:\Users\persi\Desktop\C# homework\C--homework\09. CSharp-OOP-Unit-Testing-Exercise-Skeleton\.vs\UnitTesting-Skeleton\v16\lut\0\b\FightingArena.Tests\' @ C:\Users\persi\Desktop\C# homework\C--homework\09. CSharp-OOP-Unit-Testing-Exercise-Skeleton\FightingArena.Tests\FightingArena.Tests.csproj:0
        Configuration: 'Debug'
  TargetFileName: '$(TargetName)$(TargetExt)' @ C:\Program Files (x86)\Microsoft Visual Studio\2019\Enterprise\MSBuild\Current\Bin\Microsoft.Common.CurrentVersion.targets:212
    TargetName: '$(AssemblyName)' @ C:\Program Files (x86)\Microsoft Visual Studio\2019\Enterprise\MSBuild\Current\Bin\Microsoft.Common.CurrentVersion.targets:204
      AssemblyName: '$(MSBuildProjectName)' @ C:\Program Files\dotnet\sdk\3.1.201\Sdks\Microsoft.NET.Sdk\targets\Microsoft.NET.Sdk.props:32
        MSBuildProjectName: 'FightingArena.Tests'
    TargetExt: '.dll' @ C:\Program Files\dotnet\sdk\3.1.201\Sdks\Microsoft.NET.Sdk\targets\Microsoft.NET.Sdk.BeforeCommon.targets:82
[20:26:01.157 Verbose] - BuildManager - Item _DebugSymbolsOutputPath 'C:\Users\persi\Desktop\C# homework\C--homework\09. CSharp-OOP-Unit-Testing-Exercise-Skeleton\.vs\UnitTesting-Skeleton\v16\lut\0\b\FightingArena.Tests\Debug\netcoreapp3.1\FightingArena.Tests.pdb' evaluated via:
_DebugSymbolsOutputPath: '@(_DebugSymbolsIntermediatePath->'$(OutDir)%(Filename)%(Extension)')' @ C:\Program Files (x86)\Microsoft Visual Studio\2019\Enterprise\MSBuild\Current\Bin\Microsoft.Common.CurrentVersion.targets:372
  OutDir: '$(OutputPath)' @ C:\Program Files (x86)\Microsoft Visual Studio\2019\Enterprise\MSBuild\Current\Bin\Microsoft.Common.CurrentVersion.targets:193
    OutputPath: '$(OutputPath)$(TargetFramework.ToLowerInvariant())\' @ C:\Program Files\dotnet\sdk\3.1.201\Sdks\Microsoft.NET.Sdk\targets\Microsoft.NET.TargetFrameworkInference.targets:186
      OutputPath: '$(BaseOutputPath)$(Configuration)\' @ C:\Program Files\dotnet\sdk\3.1.201\Sdks\Microsoft.NET.Sdk\targets\Microsoft.NET.DefaultOutputPaths.targets:33
        BaseOutputPath: 'C:\Users\persi\Desktop\C# homework\C--homework\09. CSharp-OOP-Unit-Testing-Exercise-Skeleton\.vs\UnitTesting-Skeleton\v16\lut\0\b\FightingArena.Tests\' @ C:\Users\persi\Desktop\C# homework\C--homework\09. CSharp-OOP-Unit-Testing-Exercise-Skeleton\FightingArena.Tests\FightingArena.Tests.csproj:0
        Configuration: 'Debug'
[20:26:01.157 Verbose] - BuildManager - Item _ApplicationManifestFinal 'C:\Users\persi\Desktop\C# homework\C--homework\09. CSharp-OOP-Unit-Testing-Exercise-Skeleton\.vs\UnitTesting-Skeleton\v16\lut\0\b\FightingArena.Tests\Debug\netcoreapp3.1\Native.FightingArena.Tests.manifest' evaluated via:
_ApplicationManifestFinal: '$(OutDir)$(_DeploymentTargetApplicationManifestFileName)' @ C:\Program Files (x86)\Microsoft Visual Studio\2019\Enterprise\MSBuild\Current\Bin\Microsoft.Common.CurrentVersion.targets:410
  OutDir: '$(OutputPath)' @ C:\Program Files (x86)\Microsoft Visual Studio\2019\Enterprise\MSBuild\Current\Bin\Microsoft.Common.CurrentVersion.targets:193
    OutputPath: '$(OutputPath)$(TargetFramework.ToLowerInvariant())\' @ C:\Program Files\dotnet\sdk\3.1.201\Sdks\Microsoft.NET.Sdk\targets\Microsoft.NET.TargetFrameworkInference.targets:186
      OutputPath: '$(BaseOutputPath)$(Configuration)\' @ C:\Program Files\dotnet\sdk\3.1.201\Sdks\Microsoft.NET.Sdk\targets\Microsoft.NET.DefaultOutputPaths.targets:33
        BaseOutputPath: 'C:\Users\persi\Desktop\C# homework\C--homework\09. CSharp-OOP-Unit-Testing-Exercise-Skeleton\.vs\UnitTesting-Skeleton\v16\lut\0\b\FightingArena.Tests\' @ C:\Users\persi\Desktop\C# homework\C--homework\09. CSharp-OOP-Unit-Testing-Exercise-Skeleton\FightingArena.Tests\FightingArena.Tests.csproj:0
        Configuration: 'Debug'
  _DeploymentTargetApplicationManifestFileName: 'Native.$(AssemblyName).manifest' @ C:\Program Files (x86)\Microsoft Visual Studio\2019\Enterprise\MSBuild\Current\Bin\Microsoft.Common.CurrentVersion.targets:228
    AssemblyName: '$(MSBuildProjectName)' @ C:\Program Files\dotnet\sdk\3.1.201\Sdks\Microsoft.NET.Sdk\targets\Microsoft.NET.Sdk.props:32
      MSBuildProjectName: 'FightingArena.Tests'
