[08:39:41.643 Verbose] - BuildManager - C:\Users\persi\Desktop\Exam 2019-2\03. Unit Tests_Skeleton (1)\Aquariums\AquariumsTests.cs(3,11): error CS0246: The type or namespace name 'NUnit' could not be found (are you missing a using directive or an assembly reference?)
[08:39:41.643 Verbose] - BuildManager - C:\Users\persi\Desktop\Exam 2019-2\03. Unit Tests_Skeleton (1)\Aquariums\AquariumsTests.cs(6,6): error CS0246: The type or namespace name 'TestFixtureAttribute' could not be found (are you missing a using directive or an assembly reference?)
[08:39:41.643 Verbose] - BuildManager - C:\Users\persi\Desktop\Exam 2019-2\03. Unit Tests_Skeleton (1)\Aquariums\AquariumsTests.cs(6,6): error CS0246: The type or namespace name 'TestFixture' could not be found (are you missing a using directive or an assembly reference?)
[08:39:41.643 Verbose] - BuildManager - C:\Users\persi\Desktop\Exam 2019-2\03. Unit Tests_Skeleton (1)\Aquariums\AquariumsTests.cs(11,10): error CS0246: The type or namespace name 'SetUpAttribute' could not be found (are you missing a using directive or an assembly reference?)
[08:39:41.643 Verbose] - BuildManager - C:\Users\persi\Desktop\Exam 2019-2\03. Unit Tests_Skeleton (1)\Aquariums\AquariumsTests.cs(11,10): error CS0246: The type or namespace name 'SetUp' could not be found (are you missing a using directive or an assembly reference?)
[08:39:41.643 Verbose] - BuildManager - C:\Users\persi\Desktop\Exam 2019-2\03. Unit Tests_Skeleton (1)\Aquariums\AquariumsTests.cs(16,10): error CS0246: The type or namespace name 'TestAttribute' could not be found (are you missing a using directive or an assembly reference?)
[08:39:41.643 Verbose] - BuildManager - C:\Users\persi\Desktop\Exam 2019-2\03. Unit Tests_Skeleton (1)\Aquariums\AquariumsTests.cs(16,10): error CS0246: The type or namespace name 'Test' could not be found (are you missing a using directive or an assembly reference?)
[08:39:41.643 Verbose] - BuildManager - C:\Users\persi\Desktop\Exam 2019-2\03. Unit Tests_Skeleton (1)\Aquariums\AquariumsTests.cs(24,10): error CS0246: The type or namespace name 'TestAttribute' could not be found (are you missing a using directive or an assembly reference?)
[08:39:41.643 Verbose] - BuildManager - C:\Users\persi\Desktop\Exam 2019-2\03. Unit Tests_Skeleton (1)\Aquariums\AquariumsTests.cs(24,10): error CS0246: The type or namespace name 'Test' could not be found (are you missing a using directive or an assembly reference?)
[08:39:41.643 Verbose] - BuildManager - C:\Users\persi\Desktop\Exam 2019-2\03. Unit Tests_Skeleton (1)\Aquariums\AquariumsTests.cs(30,10): error CS0246: The type or namespace name 'TestAttribute' could not be found (are you missing a using directive or an assembly reference?)
[08:39:41.643 Verbose] - BuildManager - C:\Users\persi\Desktop\Exam 2019-2\03. Unit Tests_Skeleton (1)\Aquariums\AquariumsTests.cs(30,10): error CS0246: The type or namespace name 'Test' could not be found (are you missing a using directive or an assembly reference?)
[08:39:41.643 Verbose] - BuildManager - C:\Users\persi\Desktop\Exam 2019-2\03. Unit Tests_Skeleton (1)\Aquariums\AquariumsTests.cs(37,10): error CS0246: The type or namespace name 'TestAttribute' could not be found (are you missing a using directive or an assembly reference?)
[08:39:41.643 Verbose] - BuildManager - C:\Users\persi\Desktop\Exam 2019-2\03. Unit Tests_Skeleton (1)\Aquariums\AquariumsTests.cs(37,10): error CS0246: The type or namespace name 'Test' could not be found (are you missing a using directive or an assembly reference?)
[08:39:41.643 Verbose] - BuildManager - C:\Users\persi\Desktop\Exam 2019-2\03. Unit Tests_Skeleton (1)\Aquariums\AquariumsTests.cs(46,10): error CS0246: The type or namespace name 'TestAttribute' could not be found (are you missing a using directive or an assembly reference?)
[08:39:41.643 Verbose] - BuildManager - C:\Users\persi\Desktop\Exam 2019-2\03. Unit Tests_Skeleton (1)\Aquariums\AquariumsTests.cs(46,10): error CS0246: The type or namespace name 'Test' could not be found (are you missing a using directive or an assembly reference?)
[08:39:41.643 Verbose] - BuildManager - C:\Users\persi\Desktop\Exam 2019-2\03. Unit Tests_Skeleton (1)\Aquariums\AquariumsTests.cs(52,10): error CS0246: The type or namespace name 'TestAttribute' could not be found (are you missing a using directive or an assembly reference?)
[08:39:41.643 Verbose] - BuildManager - C:\Users\persi\Desktop\Exam 2019-2\03. Unit Tests_Skeleton (1)\Aquariums\AquariumsTests.cs(52,10): error CS0246: The type or namespace name 'Test' could not be found (are you missing a using directive or an assembly reference?)
[08:39:41.643 Verbose] - BuildManager - C:\Users\persi\Desktop\Exam 2019-2\03. Unit Tests_Skeleton (1)\Aquariums\AquariumsTests.cs(59,10): error CS0246: The type or namespace name 'TestAttribute' could not be found (are you missing a using directive or an assembly reference?)
[08:39:41.643 Verbose] - BuildManager - C:\Users\persi\Desktop\Exam 2019-2\03. Unit Tests_Skeleton (1)\Aquariums\AquariumsTests.cs(59,10): error CS0246: The type or namespace name 'Test' could not be found (are you missing a using directive or an assembly reference?)
[08:39:41.643 Verbose] - BuildManager - C:\Users\persi\Desktop\Exam 2019-2\03. Unit Tests_Skeleton (1)\Aquariums\AquariumsTests.cs(66,10): error CS0246: The type or namespace name 'TestAttribute' could not be found (are you missing a using directive or an assembly reference?)
[08:39:41.643 Verbose] - BuildManager - C:\Users\persi\Desktop\Exam 2019-2\03. Unit Tests_Skeleton (1)\Aquariums\AquariumsTests.cs(66,10): error CS0246: The type or namespace name 'Test' could not be found (are you missing a using directive or an assembly reference?)
[08:39:41.643 Verbose] - BuildManager - C:\Users\persi\Desktop\Exam 2019-2\03. Unit Tests_Skeleton (1)\Aquariums\AquariumsTests.cs(73,10): error CS0246: The type or namespace name 'TestAttribute' could not be found (are you missing a using directive or an assembly reference?)
[08:39:41.643 Verbose] - BuildManager - C:\Users\persi\Desktop\Exam 2019-2\03. Unit Tests_Skeleton (1)\Aquariums\AquariumsTests.cs(73,10): error CS0246: The type or namespace name 'Test' could not be found (are you missing a using directive or an assembly reference?)
[08:39:41.643 Verbose] - BuildManager - C:\Users\persi\Desktop\Exam 2019-2\03. Unit Tests_Skeleton (1)\Aquariums\AquariumsTests.cs(81,10): error CS0246: The type or namespace name 'TestAttribute' could not be found (are you missing a using directive or an assembly reference?)
[08:39:41.643 Verbose] - BuildManager - C:\Users\persi\Desktop\Exam 2019-2\03. Unit Tests_Skeleton (1)\Aquariums\AquariumsTests.cs(81,10): error CS0246: The type or namespace name 'Test' could not be found (are you missing a using directive or an assembly reference?)
[08:39:41.643 Verbose] - BuildManager - C:\Users\persi\Desktop\Exam 2019-2\03. Unit Tests_Skeleton (1)\Aquariums\AquariumsTests.cs(89,10): error CS0246: The type or namespace name 'TestAttribute' could not be found (are you missing a using directive or an assembly reference?)
[08:39:41.643 Verbose] - BuildManager - C:\Users\persi\Desktop\Exam 2019-2\03. Unit Tests_Skeleton (1)\Aquariums\AquariumsTests.cs(89,10): error CS0246: The type or namespace name 'Test' could not be found (are you missing a using directive or an assembly reference?)
[08:39:41.643 Verbose] - BuildManager - C:\Users\persi\Desktop\Exam 2019-2\03. Unit Tests_Skeleton (1)\Aquariums\AquariumsTests.cs(97,10): error CS0246: The type or namespace name 'TestAttribute' could not be found (are you missing a using directive or an assembly reference?)
[08:39:41.643 Verbose] - BuildManager - C:\Users\persi\Desktop\Exam 2019-2\03. Unit Tests_Skeleton (1)\Aquariums\AquariumsTests.cs(97,10): error CS0246: The type or namespace name 'Test' could not be found (are you missing a using directive or an assembly reference?)
[08:39:41.643 Verbose] - BuildManager - C:\Users\persi\Desktop\Exam 2019-2\03. Unit Tests_Skeleton (1)\Aquariums\AquariumsTests.cs(104,10): error CS0246: The type or namespace name 'TestAttribute' could not be found (are you missing a using directive or an assembly reference?)
[08:39:41.643 Verbose] - BuildManager - C:\Users\persi\Desktop\Exam 2019-2\03. Unit Tests_Skeleton (1)\Aquariums\AquariumsTests.cs(104,10): error CS0246: The type or namespace name 'Test' could not be found (are you missing a using directive or an assembly reference?)
[08:39:41.643 Verbose] - BuildManager - C:\Users\persi\Desktop\Exam 2019-2\03. Unit Tests_Skeleton (1)\Aquariums\AquariumsTests.cs(21,13): error CS0103: The name 'Assert' does not exist in the current context
[08:39:41.643 Verbose] - BuildManager - C:\Users\persi\Desktop\Exam 2019-2\03. Unit Tests_Skeleton (1)\Aquariums\AquariumsTests.cs(21,36): error CS0103: The name 'Is' does not exist in the current context
[08:39:41.643 Verbose] - BuildManager - C:\Users\persi\Desktop\Exam 2019-2\03. Unit Tests_Skeleton (1)\Aquariums\AquariumsTests.cs(28,13): error CS0103: The name 'Assert' does not exist in the current context
[08:39:41.643 Verbose] - BuildManager - C:\Users\persi\Desktop\Exam 2019-2\03. Unit Tests_Skeleton (1)\Aquariums\AquariumsTests.cs(28,41): error CS0103: The name 'Is' does not exist in the current context
[08:39:41.643 Verbose] - BuildManager - C:\Users\persi\Desktop\Exam 2019-2\03. Unit Tests_Skeleton (1)\Aquariums\AquariumsTests.cs(35,13): error CS0103: The name 'Assert' does not exist in the current context
[08:39:41.643 Verbose] - BuildManager - C:\Users\persi\Desktop\Exam 2019-2\03. Unit Tests_Skeleton (1)\Aquariums\AquariumsTests.cs(35,40): error CS0103: The name 'Is' does not exist in the current context
[08:39:41.643 Verbose] - BuildManager - C:\Users\persi\Desktop\Exam 2019-2\03. Unit Tests_Skeleton (1)\Aquariums\AquariumsTests.cs(42,13): error CS0103: The name 'Assert' does not exist in the current context
[08:39:41.643 Verbose] - BuildManager - C:\Users\persi\Desktop\Exam 2019-2\03. Unit Tests_Skeleton (1)\Aquariums\AquariumsTests.cs(42,55): error CS0103: The name 'Throws' does not exist in the current context
[08:39:41.643 Verbose] - BuildManager - C:\Users\persi\Desktop\Exam 2019-2\03. Unit Tests_Skeleton (1)\Aquariums\AquariumsTests.cs(40,20): warning CS0219: The variable 'empty' is assigned but its value is never used
[08:39:41.643 Verbose] - BuildManager - C:\Users\persi\Desktop\Exam 2019-2\03. Unit Tests_Skeleton (1)\Aquariums\AquariumsTests.cs(49,13): error CS0103: The name 'Assert' does not exist in the current context
[08:39:41.643 Verbose] - BuildManager - C:\Users\persi\Desktop\Exam 2019-2\03. Unit Tests_Skeleton (1)\Aquariums\AquariumsTests.cs(49,57): error CS0103: The name 'Throws' does not exist in the current context
[08:39:41.644 Verbose] - BuildManager - C:\Users\persi\Desktop\Exam 2019-2\03. Unit Tests_Skeleton (1)\Aquariums\AquariumsTests.cs(57,13): error CS0103: The name 'Assert' does not exist in the current context
[08:39:41.644 Verbose] - BuildManager - C:\Users\persi\Desktop\Exam 2019-2\03. Unit Tests_Skeleton (1)\Aquariums\AquariumsTests.cs(57,44): error CS0103: The name 'Is' does not exist in the current context
[08:39:41.644 Verbose] - BuildManager - C:\Users\persi\Desktop\Exam 2019-2\03. Unit Tests_Skeleton (1)\Aquariums\AquariumsTests.cs(64,13): error CS0103: The name 'Assert' does not exist in the current context
[08:39:41.644 Verbose] - BuildManager - C:\Users\persi\Desktop\Exam 2019-2\03. Unit Tests_Skeleton (1)\Aquariums\AquariumsTests.cs(64,41): error CS0103: The name 'Is' does not exist in the current context
[08:39:41.644 Verbose] - BuildManager - C:\Users\persi\Desktop\Exam 2019-2\03. Unit Tests_Skeleton (1)\Aquariums\AquariumsTests.cs(70,13): error CS0103: The name 'Assert' does not exist in the current context
[08:39:41.644 Verbose] - BuildManager - C:\Users\persi\Desktop\Exam 2019-2\03. Unit Tests_Skeleton (1)\Aquariums\AquariumsTests.cs(70,51): error CS0103: The name 'Throws' does not exist in the current context
[08:39:41.644 Verbose] - BuildManager - C:\Users\persi\Desktop\Exam 2019-2\03. Unit Tests_Skeleton (1)\Aquariums\AquariumsTests.cs(77,13): error CS0103: The name 'Assert' does not exist in the current context
[08:39:41.644 Verbose] - BuildManager - C:\Users\persi\Desktop\Exam 2019-2\03. Unit Tests_Skeleton (1)\Aquariums\AquariumsTests.cs(77,61): error CS0103: The name 'Throws' does not exist in the current context
[08:39:41.644 Verbose] - BuildManager - C:\Users\persi\Desktop\Exam 2019-2\03. Unit Tests_Skeleton (1)\Aquariums\AquariumsTests.cs(87,13): error CS0103: The name 'Assert' does not exist in the current context
[08:39:41.644 Verbose] - BuildManager - C:\Users\persi\Desktop\Exam 2019-2\03. Unit Tests_Skeleton (1)\Aquariums\AquariumsTests.cs(87,41): error CS0103: The name 'Is' does not exist in the current context
[08:39:41.644 Verbose] - BuildManager - C:\Users\persi\Desktop\Exam 2019-2\03. Unit Tests_Skeleton (1)\Aquariums\AquariumsTests.cs(93,13): error CS0103: The name 'Assert' does not exist in the current context
[08:39:41.644 Verbose] - BuildManager - C:\Users\persi\Desktop\Exam 2019-2\03. Unit Tests_Skeleton (1)\Aquariums\AquariumsTests.cs(93,61): error CS0103: The name 'Throws' does not exist in the current context
[08:39:41.644 Verbose] - BuildManager - C:\Users\persi\Desktop\Exam 2019-2\03. Unit Tests_Skeleton (1)\Aquariums\AquariumsTests.cs(102,13): error CS0103: The name 'Assert' does not exist in the current context
[08:39:41.644 Verbose] - BuildManager - C:\Users\persi\Desktop\Exam 2019-2\03. Unit Tests_Skeleton (1)\Aquariums\AquariumsTests.cs(102,57): error CS0103: The name 'Is' does not exist in the current context
[08:39:41.644 Verbose] - BuildManager - C:\Users\persi\Desktop\Exam 2019-2\03. Unit Tests_Skeleton (1)\Aquariums\AquariumsTests.cs(110,13): error CS0103: The name 'Assert' does not exist in the current context
[08:39:41.644 Verbose] - BuildManager - C:\Users\persi\Desktop\Exam 2019-2\03. Unit Tests_Skeleton (1)\Aquariums\AquariumsTests.cs(110,44): error CS0103: The name 'Is' does not exist in the current context
[08:39:41.649 Verbose] - BuildManager - Some of the file paths defined in the csproj under the Live Unit Testing build path are missing. Verify whether these files should be present under the Live Unit Testing build path and if necessary update the csproj definition to look these files up in a different place.
[08:39:41.649 Verbose] - BuildManager - Item _OutputPathItem 'C:\Users\persi\Desktop\Exam 2019-2\03. Unit Tests_Skeleton (1)\.vs\Aquariums\v16\lut\0\b\Aquariums\Debug\netcoreapp3.0\' evaluated via:
_OutputPathItem: '$(OutDir)' @ C:\Program Files (x86)\Microsoft Visual Studio\2019\Enterprise\MSBuild\Current\Bin\Microsoft.Common.CurrentVersion.targets:272
  OutDir: '$(OutputPath)' @ C:\Program Files (x86)\Microsoft Visual Studio\2019\Enterprise\MSBuild\Current\Bin\Microsoft.Common.CurrentVersion.targets:193
    OutputPath: '$(OutputPath)$(TargetFramework.ToLowerInvariant())\' @ C:\Program Files\dotnet\sdk\3.1.201\Sdks\Microsoft.NET.Sdk\targets\Microsoft.NET.TargetFrameworkInference.targets:186
      OutputPath: '$(BaseOutputPath)$(Configuration)\' @ C:\Program Files\dotnet\sdk\3.1.201\Sdks\Microsoft.NET.Sdk\targets\Microsoft.NET.DefaultOutputPaths.targets:33
        BaseOutputPath: 'C:\Users\persi\Desktop\Exam 2019-2\03. Unit Tests_Skeleton (1)\.vs\Aquariums\v16\lut\0\b\Aquariums\' @ C:\Users\persi\Desktop\Exam 2019-2\03. Unit Tests_Skeleton (1)\Aquariums\Aquariums.csproj:0
        Configuration: 'Debug'
[08:39:41.649 Verbose] - BuildManager - Item AppConfigFileDestination 'C:\Users\persi\Desktop\Exam 2019-2\03. Unit Tests_Skeleton (1)\.vs\Aquariums\v16\lut\0\b\Aquariums\Debug\netcoreapp3.0\Aquariums.dll.config' evaluated via:
AppConfigFileDestination: '$(OutDir)$(TargetFileName).config' @ C:\Program Files (x86)\Microsoft Visual Studio\2019\Enterprise\MSBuild\Current\Bin\Microsoft.Common.CurrentVersion.targets:303
  OutDir: '$(OutputPath)' @ C:\Program Files (x86)\Microsoft Visual Studio\2019\Enterprise\MSBuild\Current\Bin\Microsoft.Common.CurrentVersion.targets:193
    OutputPath: '$(OutputPath)$(TargetFramework.ToLowerInvariant())\' @ C:\Program Files\dotnet\sdk\3.1.201\Sdks\Microsoft.NET.Sdk\targets\Microsoft.NET.TargetFrameworkInference.targets:186
      OutputPath: '$(BaseOutputPath)$(Configuration)\' @ C:\Program Files\dotnet\sdk\3.1.201\Sdks\Microsoft.NET.Sdk\targets\Microsoft.NET.DefaultOutputPaths.targets:33
        BaseOutputPath: 'C:\Users\persi\Desktop\Exam 2019-2\03. Unit Tests_Skeleton (1)\.vs\Aquariums\v16\lut\0\b\Aquariums\' @ C:\Users\persi\Desktop\Exam 2019-2\03. Unit Tests_Skeleton (1)\Aquariums\Aquariums.csproj:0
        Configuration: 'Debug'
  TargetFileName: '$(TargetName)$(TargetExt)' @ C:\Program Files (x86)\Microsoft Visual Studio\2019\Enterprise\MSBuild\Current\Bin\Microsoft.Common.CurrentVersion.targets:212
    TargetName: '$(AssemblyName)' @ C:\Program Files (x86)\Microsoft Visual Studio\2019\Enterprise\MSBuild\Current\Bin\Microsoft.Common.CurrentVersion.targets:204
      AssemblyName: '$(MSBuildProjectName)' @ C:\Program Files\dotnet\sdk\3.1.201\Sdks\Microsoft.NET.Sdk\targets\Microsoft.NET.Sdk.props:32
        MSBuildProjectName: 'Aquariums'
    TargetExt: '.dll' @ C:\Program Files\dotnet\sdk\3.1.201\Sdks\Microsoft.NET.Sdk\targets\Microsoft.NET.Sdk.BeforeCommon.targets:82
[08:39:41.649 Verbose] - BuildManager - Item _DebugSymbolsOutputPath 'C:\Users\persi\Desktop\Exam 2019-2\03. Unit Tests_Skeleton (1)\.vs\Aquariums\v16\lut\0\b\Aquariums\Debug\netcoreapp3.0\Aquariums.pdb' evaluated via:
_DebugSymbolsOutputPath: '@(_DebugSymbolsIntermediatePath->'$(OutDir)%(Filename)%(Extension)')' @ C:\Program Files (x86)\Microsoft Visual Studio\2019\Enterprise\MSBuild\Current\Bin\Microsoft.Common.CurrentVersion.targets:372
  OutDir: '$(OutputPath)' @ C:\Program Files (x86)\Microsoft Visual Studio\2019\Enterprise\MSBuild\Current\Bin\Microsoft.Common.CurrentVersion.targets:193
    OutputPath: '$(OutputPath)$(TargetFramework.ToLowerInvariant())\' @ C:\Program Files\dotnet\sdk\3.1.201\Sdks\Microsoft.NET.Sdk\targets\Microsoft.NET.TargetFrameworkInference.targets:186
      OutputPath: '$(BaseOutputPath)$(Configuration)\' @ C:\Program Files\dotnet\sdk\3.1.201\Sdks\Microsoft.NET.Sdk\targets\Microsoft.NET.DefaultOutputPaths.targets:33
        BaseOutputPath: 'C:\Users\persi\Desktop\Exam 2019-2\03. Unit Tests_Skeleton (1)\.vs\Aquariums\v16\lut\0\b\Aquariums\' @ C:\Users\persi\Desktop\Exam 2019-2\03. Unit Tests_Skeleton (1)\Aquariums\Aquariums.csproj:0
        Configuration: 'Debug'
[08:39:41.650 Verbose] - BuildManager - Item _ApplicationManifestFinal 'C:\Users\persi\Desktop\Exam 2019-2\03. Unit Tests_Skeleton (1)\.vs\Aquariums\v16\lut\0\b\Aquariums\Debug\netcoreapp3.0\Aquariums.dll.manifest' evaluated via:
_ApplicationManifestFinal: '$(OutDir)$(_DeploymentTargetApplicationManifestFileName)' @ C:\Program Files (x86)\Microsoft Visual Studio\2019\Enterprise\MSBuild\Current\Bin\Microsoft.Common.CurrentVersion.targets:410
  OutDir: '$(OutputPath)' @ C:\Program Files (x86)\Microsoft Visual Studio\2019\Enterprise\MSBuild\Current\Bin\Microsoft.Common.CurrentVersion.targets:193
    OutputPath: '$(OutputPath)$(TargetFramework.ToLowerInvariant())\' @ C:\Program Files\dotnet\sdk\3.1.201\Sdks\Microsoft.NET.Sdk\targets\Microsoft.NET.TargetFrameworkInference.targets:186
      OutputPath: '$(BaseOutputPath)$(Configuration)\' @ C:\Program Files\dotnet\sdk\3.1.201\Sdks\Microsoft.NET.Sdk\targets\Microsoft.NET.DefaultOutputPaths.targets:33
        BaseOutputPath: 'C:\Users\persi\Desktop\Exam 2019-2\03. Unit Tests_Skeleton (1)\.vs\Aquariums\v16\lut\0\b\Aquariums\' @ C:\Users\persi\Desktop\Exam 2019-2\03. Unit Tests_Skeleton (1)\Aquariums\Aquariums.csproj:0
        Configuration: 'Debug'
  _DeploymentTargetApplicationManifestFileName: '$(TargetFileName).manifest' @ C:\Program Files (x86)\Microsoft Visual Studio\2019\Enterprise\MSBuild\Current\Bin\Microsoft.Common.CurrentVersion.targets:232
    TargetFileName: '$(TargetName)$(TargetExt)' @ C:\Program Files (x86)\Microsoft Visual Studio\2019\Enterprise\MSBuild\Current\Bin\Microsoft.Common.CurrentVersion.targets:212
      TargetName: '$(AssemblyName)' @ C:\Program Files (x86)\Microsoft Visual Studio\2019\Enterprise\MSBuild\Current\Bin\Microsoft.Common.CurrentVersion.targets:204
        AssemblyName: '$(MSBuildProjectName)' @ C:\Program Files\dotnet\sdk\3.1.201\Sdks\Microsoft.NET.Sdk\targets\Microsoft.NET.Sdk.props:32
          MSBuildProjectName: 'Aquariums'
      TargetExt: '.dll' @ C:\Program Files\dotnet\sdk\3.1.201\Sdks\Microsoft.NET.Sdk\targets\Microsoft.NET.Sdk.BeforeCommon.targets:82
